<?xml version="1.0" encoding="UTF-8"?>
<!-- Generated by org.testng.reporters.JUnitReportReporter -->
<testsuite hostname="DESKTOP-F2F8LM0" name="test.test1" tests="3" failures="0" timestamp="25 Nov 2020 05:42:16 GMT" time="14.593" errors="0">
  <testcase name="login" time="13.137" classname="test.test1"/>
  <testcase name="editcustomer" time="0.893" classname="test.test1"/>
  <testcase name="newcustomer" time="0.563" classname="test.test1"/>
</testsuite> <!-- test.test1 -->
